<?xml version="1.0" encoding="UTF-8"?>
<!-- Generated by org.testng.reporters.JUnitReportReporter -->
<testsuite hostname="MOEEXTLTBLA006" failures="0" tests="4" name="com.freecrm.testcases.ContactPageTest" time="210.886" errors="0" timestamp="2024-10-29T15:34:04 GST" skipped="0">
  <testcase classname="com.freecrm.testcases.ContactPageTest" name="addContact" time="46.991"/>
  <testcase classname="com.freecrm.testcases.ContactPageTest" name="addContact" time="52.955"/>
  <testcase classname="com.freecrm.testcases.ContactPageTest" name="addContact" time="50.591"/>
  <testcase classname="com.freecrm.testcases.ContactPageTest" name="addContact" time="60.349"/>
</testsuite> <!-- com.freecrm.testcases.ContactPageTest -->
